<?xml version="1.0" encoding="UTF-8"?>
<testsuites name="Mocha Tests" time="0.6679999999999999" tests="2" failures="0">
  <testsuite name="Root Suite" timestamp="2017-05-14T21:03:45" tests="0" failures="0" time="0">
  </testsuite>
  <testsuite name="DumpHeapMetrics" timestamp="2017-05-14T21:03:45" tests="1" file="/home/ubuntu/workspace/test/dumpHeapMetrics.js" failures="0" time="0.322">
    <testcase name="DumpHeapMetrics should return true" time="0.322" classname="should return true">
    </testcase>
  </testsuite>
  <testsuite name="GetHeapMetrics" timestamp="2017-05-14T21:03:45" tests="1" file="/home/ubuntu/workspace/test/getHeapMetrics.js" failures="0" time="0.346">
    <testcase name="GetHeapMetrics should return true" time="0.346" classname="should return true">
    </testcase>
  </testsuite>
</testsuites>